<?xml version="1.0" encoding="UTF-8"?><testsuites time="141.765"><testsuite name="test-rule-1" tests="1" failures="1" errors="0" time="6.256" timestamp="2018-05-17T09:09:55.757Z" package="tests/test-rule-1"><testcase name="CasperError: Invalid timeout function" classname="tests/test-rule-1" time="6.256"><failure type="error"><![CDATA[CasperError: Invalid timeout function]]></failure></testcase><system-out><![CDATA[]]></system-out></testsuite><testsuite name="test-rule-10" tests="1" failures="1" errors="0" time="41.586" timestamp="2018-05-17T09:09:55.758Z" package="tests/test-rule-10"><testcase name="Subject equals the expected value" classname="tests/test-rule-10" time="41.586"><failure type="assertEquals"><![CDATA[no message left]]></failure></testcase><system-out><![CDATA[]]></system-out></testsuite><testsuite name="test-rule-11" tests="1" failures="1" errors="0" time="1.457" timestamp="2018-05-17T09:09:55.759Z" package="tests/test-rule-11"><testcase name="Subject equals the expected value" classname="tests/test-rule-11" time="1.457"><failure type="assertEquals"><![CDATA[no message left]]></failure></testcase><system-out><![CDATA[]]></system-out></testsuite><testsuite name="test-rule-12" tests="1" failures="1" errors="0" time="1.6" timestamp="2018-05-17T09:09:55.759Z" package="tests/test-rule-12"><testcase name="Subject equals the expected value" classname="tests/test-rule-12" time="1.6"><failure type="assertEquals"><![CDATA[no message left]]></failure></testcase><system-out><![CDATA[]]></system-out></testsuite><testsuite name="test-rule-13" tests="1" failures="1" errors="0" time="1.544" timestamp="2018-05-17T09:09:55.759Z" package="tests/test-rule-13"><testcase name="Subject equals the expected value" classname="tests/test-rule-13" time="1.544"><failure type="assertEquals"><![CDATA[no message left]]></failure></testcase><system-out><![CDATA[]]></system-out></testsuite><testsuite name="test-rule-14" tests="1" failures="1" errors="0" time="1.737" timestamp="2018-05-17T09:09:55.760Z" package="tests/test-rule-14"><testcase name="Subject equals the expected value" classname="tests/test-rule-14" time="1.737"><failure type="assertEquals"><![CDATA[no message left]]></failure></testcase><system-out><![CDATA[]]></system-out></testsuite><testsuite name="test-rule-15" tests="1" failures="1" errors="0" time="1.51" timestamp="2018-05-17T09:09:55.760Z" package="tests/test-rule-15"><testcase name="Subject equals the expected value" classname="tests/test-rule-15" time="1.51"><failure type="assertEquals"><![CDATA[no message left]]></failure></testcase><system-out><![CDATA[]]></system-out></testsuite><testsuite name="test-rule-16" tests="1" failures="1" errors="0" time="1.412" timestamp="2018-05-17T09:09:55.760Z" package="tests/test-rule-16"><testcase name="Subject equals the expected value" classname="tests/test-rule-16" time="1.412"><failure type="assertEquals"><![CDATA[no message left]]></failure></testcase><system-out><![CDATA[]]></system-out></testsuite><testsuite name="test-rule-17" tests="1" failures="1" errors="0" time="1.701" timestamp="2018-05-17T09:09:55.761Z" package="tests/test-rule-17"><testcase name="Subject equals the expected value" classname="tests/test-rule-17" time="1.701"><failure type="assertEquals"><![CDATA[no message left]]></failure></testcase><system-out><![CDATA[]]></system-out></testsuite><testsuite name="test-rule-18" tests="1" failures="1" errors="0" time="2.515" timestamp="2018-05-17T09:09:55.761Z" package="tests/test-rule-18"><testcase name="Subject equals the expected value" classname="tests/test-rule-18" time="2.515"><failure type="assertEquals"><![CDATA[no message left]]></failure></testcase><system-out><![CDATA[]]></system-out></testsuite><testsuite name="test-rule-19" tests="1" failures="1" errors="0" time="1.692" timestamp="2018-05-17T09:09:55.761Z" package="tests/test-rule-19"><testcase name="Subject equals the expected value" classname="tests/test-rule-19" time="1.692"><failure type="assertEquals"><![CDATA[no message left]]></failure></testcase><system-out><![CDATA[]]></system-out></testsuite><testsuite name="test-rule-2" tests="1" failures="1" errors="0" time="1.734" timestamp="2018-05-17T09:09:55.761Z" package="tests/test-rule-2"><testcase name="Subject equals the expected value" classname="tests/test-rule-2" time="1.734"><failure type="assertEquals"><![CDATA[no message left]]></failure></testcase><system-out><![CDATA[]]></system-out></testsuite><testsuite name="test-rule-20" tests="1" failures="1" errors="0" time="1.767" timestamp="2018-05-17T09:09:55.761Z" package="tests/test-rule-20"><testcase name="Subject equals the expected value" classname="tests/test-rule-20" time="1.767"><failure type="assertEquals"><![CDATA[no message left]]></failure></testcase><system-out><![CDATA[]]></system-out></testsuite><testsuite name="test-rule-21" tests="1" failures="1" errors="0" time="1.458" timestamp="2018-05-17T09:09:55.762Z" package="tests/test-rule-21"><testcase name="Subject equals the expected value" classname="tests/test-rule-21" time="1.458"><failure type="assertEquals"><![CDATA[no message left]]></failure></testcase><system-out><![CDATA[]]></system-out></testsuite><testsuite name="test-rule-22" tests="1" failures="1" errors="0" time="1.689" timestamp="2018-05-17T09:09:55.762Z" package="tests/test-rule-22"><testcase name="Subject equals the expected value" classname="tests/test-rule-22" time="1.689"><failure type="assertEquals"><![CDATA[no message left]]></failure></testcase><system-out><![CDATA[]]></system-out></testsuite><testsuite name="test-rule-23" tests="1" failures="1" errors="0" time="1.721" timestamp="2018-05-17T09:09:55.762Z" package="tests/test-rule-23"><testcase name="Subject equals the expected value" classname="tests/test-rule-23" time="1.721"><failure type="assertEquals"><![CDATA[no message left]]></failure></testcase><system-out><![CDATA[]]></system-out></testsuite><testsuite name="test-rule-24" tests="1" failures="1" errors="0" time="1.868" timestamp="2018-05-17T09:09:55.762Z" package="tests/test-rule-24"><testcase name="Subject equals the expected value" classname="tests/test-rule-24" time="1.868"><failure type="assertEquals"><![CDATA[no message left]]></failure></testcase><system-out><![CDATA[]]></system-out></testsuite><testsuite name="test-rule-25" tests="1" failures="1" errors="0" time="1.705" timestamp="2018-05-17T09:09:55.762Z" package="tests/test-rule-25"><testcase name="Subject equals the expected value" classname="tests/test-rule-25" time="1.705"><failure type="assertEquals"><![CDATA[no message left]]></failure></testcase><system-out><![CDATA[]]></system-out></testsuite><testsuite name="test-rule-26" tests="1" failures="1" errors="0" time="1.343" timestamp="2018-05-17T09:09:55.763Z" package="tests/test-rule-26"><testcase name="Subject equals the expected value" classname="tests/test-rule-26" time="1.343"><failure type="assertEquals"><![CDATA[no message left]]></failure></testcase><system-out><![CDATA[]]></system-out></testsuite><testsuite name="test-rule-27" tests="1" failures="1" errors="0" time="1.498" timestamp="2018-05-17T09:09:55.763Z" package="tests/test-rule-27"><testcase name="Subject equals the expected value" classname="tests/test-rule-27" time="1.498"><failure type="assertEquals"><![CDATA[no message left]]></failure></testcase><system-out><![CDATA[]]></system-out></testsuite><testsuite name="test-rule-3" tests="1" failures="1" errors="0" time="1.901" timestamp="2018-05-17T09:09:55.763Z" package="tests/test-rule-3"><testcase name="Subject equals the expected value" classname="tests/test-rule-3" time="1.901"><failure type="assertEquals"><![CDATA[no message left]]></failure></testcase><system-out><![CDATA[]]></system-out></testsuite><testsuite name="test-rule-37" tests="2" failures="0" errors="0" time="1.702" timestamp="2018-05-17T09:09:55.764Z" package="tests/test-rule-37"><testcase name="Subject equals the expected value" classname="tests/test-rule-37" time="1.7"/><testcase name="Subject equals the expected value" classname="tests/test-rule-37" time="0.002"/><system-out><![CDATA[]]></system-out></testsuite><testsuite name="test-rule-38" tests="2" failures="0" errors="0" time="2.08" timestamp="2018-05-17T09:09:55.764Z" package="tests/test-rule-38"><testcase name="Subject equals the expected value" classname="tests/test-rule-38" time="2.078"/><testcase name="Subject equals the expected value" classname="tests/test-rule-38" time="0.002"/><system-out><![CDATA[]]></system-out></testsuite><testsuite name="test-rule-39" tests="2" failures="0" errors="0" time="1.35" timestamp="2018-05-17T09:09:55.764Z" package="tests/test-rule-39"><testcase name="Subject equals the expected value" classname="tests/test-rule-39" time="1.349"/><testcase name="Subject equals the expected value" classname="tests/test-rule-39" time="0.001"/><system-out><![CDATA[]]></system-out></testsuite><testsuite name="test-rule-4" tests="1" failures="1" errors="0" time="1.53" timestamp="2018-05-17T09:09:55.765Z" package="tests/test-rule-4"><testcase name="Subject equals the expected value" classname="tests/test-rule-4" time="1.53"><failure type="assertEquals"><![CDATA[no message left]]></failure></testcase><system-out><![CDATA[]]></system-out></testsuite><testsuite name="test-rule-40" tests="2" failures="0" errors="0" time="1.915" timestamp="2018-05-17T09:09:55.765Z" package="tests/test-rule-40"><testcase name="Subject equals the expected value" classname="tests/test-rule-40" time="1.912"/><testcase name="Subject equals the expected value" classname="tests/test-rule-40" time="0.003"/><system-out><![CDATA[]]></system-out></testsuite><testsuite name="test-rule-41" tests="2" failures="0" errors="0" time="2.08" timestamp="2018-05-17T09:09:55.766Z" package="tests/test-rule-41"><testcase name="Subject equals the expected value" classname="tests/test-rule-41" time="2.076"/><testcase name="Subject equals the expected value" classname="tests/test-rule-41" time="0.004"/><system-out><![CDATA[]]></system-out></testsuite><testsuite name="test-rule-42" tests="2" failures="0" errors="0" time="1.418" timestamp="2018-05-17T09:09:55.766Z" package="tests/test-rule-42"><testcase name="Subject equals the expected value" classname="tests/test-rule-42" time="1.416"/><testcase name="Subject equals the expected value" classname="tests/test-rule-42" time="0.002"/><system-out><![CDATA[]]></system-out></testsuite><testsuite name="test-rule-43" tests="2" failures="0" errors="0" time="1.352" timestamp="2018-05-17T09:09:55.766Z" package="tests/test-rule-43"><testcase name="Subject equals the expected value" classname="tests/test-rule-43" time="1.35"/><testcase name="Subject equals the expected value" classname="tests/test-rule-43" time="0.002"/><system-out><![CDATA[]]></system-out></testsuite><testsuite name="test-rule-44" tests="2" failures="0" errors="0" time="1.886" timestamp="2018-05-17T09:09:55.767Z" package="tests/test-rule-44"><testcase name="Subject equals the expected value" classname="tests/test-rule-44" time="1.885"/><testcase name="Subject equals the expected value" classname="tests/test-rule-44" time="0.001"/><system-out><![CDATA[]]></system-out></testsuite><testsuite name="test-rule-45" tests="2" failures="0" errors="0" time="1.713" timestamp="2018-05-17T09:09:55.767Z" package="tests/test-rule-45"><testcase name="Subject equals the expected value" classname="tests/test-rule-45" time="1.711"/><testcase name="Subject equals the expected value" classname="tests/test-rule-45" time="0.002"/><system-out><![CDATA[]]></system-out></testsuite><testsuite name="test-rule-46" tests="2" failures="0" errors="0" time="1.461" timestamp="2018-05-17T09:09:55.767Z" package="tests/test-rule-46"><testcase name="Subject equals the expected value" classname="tests/test-rule-46" time="1.46"/><testcase name="Subject equals the expected value" classname="tests/test-rule-46" time="0.001"/><system-out><![CDATA[]]></system-out></testsuite><testsuite name="test-rule-47" tests="2" failures="0" errors="0" time="2.271" timestamp="2018-05-17T09:09:55.768Z" package="tests/test-rule-47"><testcase name="Subject equals the expected value" classname="tests/test-rule-47" time="2.269"/><testcase name="Subject equals the expected value" classname="tests/test-rule-47" time="0.002"/><system-out><![CDATA[]]></system-out></testsuite><testsuite name="test-rule-48" tests="2" failures="0" errors="0" time="1.789" timestamp="2018-05-17T09:09:55.768Z" package="tests/test-rule-48"><testcase name="Subject equals the expected value" classname="tests/test-rule-48" time="1.787"/><testcase name="Subject equals the expected value" classname="tests/test-rule-48" time="0.002"/><system-out><![CDATA[]]></system-out></testsuite><testsuite name="test-rule-49" tests="1" failures="1" errors="0" time="1.858" timestamp="2018-05-17T09:09:55.769Z" package="tests/test-rule-49"><testcase name="Subject equals the expected value" classname="tests/test-rule-49" time="1.858"><failure type="assertEquals"><![CDATA[no message left]]></failure></testcase><system-out><![CDATA[]]></system-out></testsuite><testsuite name="test-rule-5" tests="1" failures="1" errors="0" time="1.83" timestamp="2018-05-17T09:09:55.769Z" package="tests/test-rule-5"><testcase name="Subject equals the expected value" classname="tests/test-rule-5" time="1.83"><failure type="assertEquals"><![CDATA[no message left]]></failure></testcase><system-out><![CDATA[]]></system-out></testsuite><testsuite name="test-rule-50" tests="1" failures="1" errors="0" time="1.639" timestamp="2018-05-17T09:09:55.769Z" package="tests/test-rule-50"><testcase name="Subject equals the expected value" classname="tests/test-rule-50" time="1.639"><failure type="assertEquals"><![CDATA[no message left]]></failure></testcase><system-out><![CDATA[]]></system-out></testsuite><testsuite name="test-rule-51" tests="1" failures="1" errors="0" time="1.603" timestamp="2018-05-17T09:09:55.770Z" package="tests/test-rule-51"><testcase name="Subject equals the expected value" classname="tests/test-rule-51" time="1.603"><failure type="assertEquals"><![CDATA[no message left]]></failure></testcase><system-out><![CDATA[]]></system-out></testsuite><testsuite name="test-rule-52" tests="1" failures="1" errors="0" time="2.335" timestamp="2018-05-17T09:09:55.770Z" package="tests/test-rule-52"><testcase name="Subject equals the expected value" classname="tests/test-rule-52" time="2.335"><failure type="assertEquals"><![CDATA[no message left]]></failure></testcase><system-out><![CDATA[]]></system-out></testsuite><testsuite name="test-rule-53" tests="1" failures="1" errors="0" time="2.74" timestamp="2018-05-17T09:09:55.770Z" package="tests/test-rule-53"><testcase name="Subject equals the expected value" classname="tests/test-rule-53" time="2.74"><failure type="assertEquals"><![CDATA[no message left]]></failure></testcase><system-out><![CDATA[]]></system-out></testsuite><testsuite name="test-rule-54" tests="2" failures="0" errors="0" time="1.585" timestamp="2018-05-17T09:09:55.770Z" package="tests/test-rule-54"><testcase name="Subject equals the expected value" classname="tests/test-rule-54" time="1.583"/><testcase name="Subject equals the expected value" classname="tests/test-rule-54" time="0.002"/><system-out><![CDATA[]]></system-out></testsuite><testsuite name="test-rule-55" tests="1" failures="1" errors="0" time="1.501" timestamp="2018-05-17T09:09:55.771Z" package="tests/test-rule-55"><testcase name="Subject equals the expected value" classname="tests/test-rule-55" time="1.501"><failure type="assertEquals"><![CDATA[no message left]]></failure></testcase><system-out><![CDATA[]]></system-out></testsuite><testsuite name="test-rule-56" tests="1" failures="1" errors="0" time="1.561" timestamp="2018-05-17T09:09:55.771Z" package="tests/test-rule-56"><testcase name="Subject equals the expected value" classname="tests/test-rule-56" time="1.561"><failure type="assertEquals"><![CDATA[no message left]]></failure></testcase><system-out><![CDATA[]]></system-out></testsuite><testsuite name="test-rule-57" tests="1" failures="1" errors="0" time="2.089" timestamp="2018-05-17T09:09:55.772Z" package="tests/test-rule-57"><testcase name="Subject equals the expected value" classname="tests/test-rule-57" time="2.089"><failure type="assertEquals"><![CDATA[no message left]]></failure></testcase><system-out><![CDATA[]]></system-out></testsuite><testsuite name="test-rule-58" tests="1" failures="1" errors="0" time="1.823" timestamp="2018-05-17T09:09:55.772Z" package="tests/test-rule-58"><testcase name="Subject equals the expected value" classname="tests/test-rule-58" time="1.823"><failure type="assertEquals"><![CDATA[no message left]]></failure></testcase><system-out><![CDATA[]]></system-out></testsuite><testsuite name="test-rule-59" tests="1" failures="1" errors="0" time="1.806" timestamp="2018-05-17T09:09:55.772Z" package="tests/test-rule-59"><testcase name="Subject equals the expected value" classname="tests/test-rule-59" time="1.806"><failure type="assertEquals"><![CDATA[no message left]]></failure></testcase><system-out><![CDATA[]]></system-out></testsuite><testsuite name="test-rule-6" tests="1" failures="1" errors="0" time="1.414" timestamp="2018-05-17T09:09:55.773Z" package="tests/test-rule-6"><testcase name="Subject equals the expected value" classname="tests/test-rule-6" time="1.414"><failure type="assertEquals"><![CDATA[no message left]]></failure></testcase><system-out><![CDATA[]]></system-out></testsuite><testsuite name="test-rule-60" tests="1" failures="1" errors="0" time="1.564" timestamp="2018-05-17T09:09:55.773Z" package="tests/test-rule-60"><testcase name="Subject equals the expected value" classname="tests/test-rule-60" time="1.564"><failure type="assertEquals"><![CDATA[no message left]]></failure></testcase><system-out><![CDATA[]]></system-out></testsuite><testsuite name="test-rule-61" tests="1" failures="1" errors="0" time="1.6" timestamp="2018-05-17T09:09:55.773Z" package="tests/test-rule-61"><testcase name="Subject equals the expected value" classname="tests/test-rule-61" time="1.6"><failure type="assertEquals"><![CDATA[no message left]]></failure></testcase><system-out><![CDATA[]]></system-out></testsuite><testsuite name="test-rule-62" tests="1" failures="1" errors="0" time="2.135" timestamp="2018-05-17T09:09:55.774Z" package="tests/test-rule-62"><testcase name="Subject equals the expected value" classname="tests/test-rule-62" time="2.135"><failure type="assertEquals"><![CDATA[no message left]]></failure></testcase><system-out><![CDATA[]]></system-out></testsuite><testsuite name="test-rule-63" tests="1" failures="1" errors="0" time="1.834" timestamp="2018-05-17T09:09:55.774Z" package="tests/test-rule-63"><testcase name="Subject equals the expected value" classname="tests/test-rule-63" time="1.834"><failure type="assertEquals"><![CDATA[no message left]]></failure></testcase><system-out><![CDATA[]]></system-out></testsuite><testsuite name="test-rule-64" tests="1" failures="1" errors="0" time="1.747" timestamp="2018-05-17T09:09:55.774Z" package="tests/test-rule-64"><testcase name="Subject equals the expected value" classname="tests/test-rule-64" time="1.747"><failure type="assertEquals"><![CDATA[no message left]]></failure></testcase><system-out><![CDATA[]]></system-out></testsuite><testsuite name="test-rule-65" tests="1" failures="1" errors="0" time="1.622" timestamp="2018-05-17T09:09:55.775Z" package="tests/test-rule-65"><testcase name="Subject equals the expected value" classname="tests/test-rule-65" time="1.622"><failure type="assertEquals"><![CDATA[no message left]]></failure></testcase><system-out><![CDATA[]]></system-out></testsuite><testsuite name="test-rule-7" tests="1" failures="1" errors="0" time="1.504" timestamp="2018-05-17T09:09:55.775Z" package="tests/test-rule-7"><testcase name="Subject equals the expected value" classname="tests/test-rule-7" time="1.504"><failure type="assertEquals"><![CDATA[no message left]]></failure></testcase><system-out><![CDATA[]]></system-out></testsuite><testsuite name="test-rule-8" tests="1" failures="1" errors="0" time="1.947" timestamp="2018-05-17T09:09:55.775Z" package="tests/test-rule-8"><testcase name="Subject equals the expected value" classname="tests/test-rule-8" time="1.947"><failure type="assertEquals"><![CDATA[no message left]]></failure></testcase><system-out><![CDATA[]]></system-out></testsuite><testsuite name="test-rule-9" tests="1" failures="1" errors="0" time="1.787" timestamp="2018-05-17T09:09:55.775Z" package="tests/test-rule-9"><testcase name="Subject equals the expected value" classname="tests/test-rule-9" time="1.787"><failure type="assertEquals"><![CDATA[no message left]]></failure></testcase><system-out><![CDATA[]]></system-out></testsuite></testsuites>